# JRE version: Java(TM) SE Runtime Environment (8.0_65-b17) (build 1.8.0_65-b17)
# Java VM: Java HotSpot(TM) 64-Bit Server VM (25.65-b01 mixed mode bsd-amd64 compressed oops)
Heap:
 PSYoungGen      total 17920K, used 7701K [0x00000007ae500000, 0x00000007af780000, 0x00000007c0000000)
  eden space 16896K, 44% used [0x00000007ae500000,0x00000007aec557d0,0x00000007af580000)
  from space 1024K, 18% used [0x00000007af680000,0x00000007af6b0000,0x00000007af780000)
  to   space 1024K, 0% used [0x00000007af580000,0x00000007af580000,0x00000007af680000)
 ParOldGen       total 34304K, used 10070K [0x000000078ae00000, 0x000000078cf80000, 0x00000007ae500000)
  object space 34304K, 29% used [0x000000078ae00000,0x000000078b7d5908,0x000000078cf80000)
 Metaspace       used 22241K, capacity 22922K, committed 23296K, reserved 1069056K
  class space    used 2658K, capacity 2956K, committed 3072K, reserved 1048576K
GC Heap History (10 events):
Event: 19506.736 GC heap before
{Heap before GC invocations=159 (full 1):
 PSYoungGen      total 17920K, used 17501K [0x00000007ae500000, 0x00000007af780000, 0x00000007c0000000)
  eden space 16896K, 100% used [0x00000007ae500000,0x00000007af580000,0x00000007af580000)
  from space 1024K, 59% used [0x00000007af580000,0x00000007af617430,0x00000007af680000)
  to   space 1024K, 0% used [0x00000007af680000,0x00000007af680000,0x00000007af780000)
 ParOldGen       total 34304K, used 10070K [0x000000078ae00000, 0x000000078cf80000, 0x00000007ae500000)
  object space 34304K, 29% used [0x000000078ae00000,0x000000078b7d5908,0x000000078cf80000)
 Metaspace       used 22172K, capacity 22922K, committed 23296K, reserved 1069056K
  class space    used 2652K, capacity 2956K, committed 3072K, reserved 1048576K
Event: 19506.747 GC heap after
Heap after GC invocations=159 (full 1):
 PSYoungGen      total 17920K, used 383K [0x00000007ae500000, 0x00000007af780000, 0x00000007c0000000)
  eden space 16896K, 0% used [0x00000007ae500000,0x00000007ae500000,0x00000007af580000)
  from space 1024K, 37% used [0x00000007af680000,0x00000007af6dfc10,0x00000007af780000)
  to   space 1024K, 0% used [0x00000007af580000,0x00000007af580000,0x00000007af680000)
 ParOldGen       total 34304K, used 10070K [0x000000078ae00000, 0x000000078cf80000, 0x00000007ae500000)
  object space 34304K, 29% used [0x000000078ae00000,0x000000078b7d5908,0x000000078cf80000)
 Metaspace       used 22172K, capacity 22922K, committed 23296K, reserved 1069056K
  class space    used 2652K, capacity 2956K, committed 3072K, reserved 1048576K
}
Event: 19509.639 GC heap before
{Heap before GC invocations=160 (full 1):
 PSYoungGen      total 17920K, used 17253K [0x00000007ae500000, 0x00000007af780000, 0x00000007c0000000)
  eden space 16896K, 99% used [0x00000007ae500000,0x00000007af579ba0,0x00000007af580000)
  from space 1024K, 37% used [0x00000007af680000,0x00000007af6dfc10,0x00000007af780000)
  to   space 1024K, 0% used [0x00000007af580000,0x00000007af580000,0x00000007af680000)
 ParOldGen       total 34304K, used 10070K [0x000000078ae00000, 0x000000078cf80000, 0x00000007ae500000)
  object space 34304K, 29% used [0x000000078ae00000,0x000000078b7d5908,0x000000078cf80000)
 Metaspace       used 22172K, capacity 22922K, committed 23296K, reserved 1069056K
  class space    used 2652K, capacity 2956K, committed 3072K, reserved 1048576K
Event: 19509.640 GC heap after
Heap after GC invocations=160 (full 1):
 PSYoungGen      total 17920K, used 478K [0x00000007ae500000, 0x00000007af780000, 0x00000007c0000000)
  eden space 16896K, 0% used [0x00000007ae500000,0x00000007ae500000,0x00000007af580000)
  from space 1024K, 46% used [0x00000007af580000,0x00000007af5f7820,0x00000007af680000)
  to   space 1024K, 0% used [0x00000007af680000,0x00000007af680000,0x00000007af780000)
 ParOldGen       total 34304K, used 10070K [0x000000078ae00000, 0x000000078cf80000, 0x00000007ae500000)
  object space 34304K, 29% used [0x000000078ae00000,0x000000078b7d5908,0x000000078cf80000)
 Metaspace       used 22172K, capacity 22922K, committed 23296K, reserved 1069056K
  class space    used 2652K, capacity 2956K, committed 3072K, reserved 1048576K
}
Event: 19511.299 GC heap before
{Heap before GC invocations=161 (full 1):
 PSYoungGen      total 17920K, used 17361K [0x00000007ae500000, 0x00000007af780000, 0x00000007c0000000)
  eden space 16896K, 99% used [0x00000007ae500000,0x00000007af57ce48,0x00000007af580000)
  from space 1024K, 46% used [0x00000007af580000,0x00000007af5f7820,0x00000007af680000)
  to   space 1024K, 0% used [0x00000007af680000,0x00000007af680000,0x00000007af780000)
 ParOldGen       total 34304K, used 10070K [0x000000078ae00000, 0x000000078cf80000, 0x00000007ae500000)
  object space 34304K, 29% used [0x000000078ae00000,0x000000078b7d5908,0x000000078cf80000)
 Metaspace       used 22172K, capacity 22922K, committed 23296K, reserved 1069056K
  class space    used 2652K, capacity 2956K, committed 3072K, reserved 1048576K
Event: 19511.300 GC heap after
Heap after GC invocations=161 (full 1):
 PSYoungGen      total 17920K, used 477K [0x00000007ae500000, 0x00000007af780000, 0x00000007c0000000)
  eden space 16896K, 0% used [0x00000007ae500000,0x00000007ae500000,0x00000007af580000)
  from space 1024K, 46% used [0x00000007af680000,0x00000007af6f7430,0x00000007af780000)
  to   space 1024K, 0% used [0x00000007af580000,0x00000007af580000,0x00000007af680000)
 ParOldGen       total 34304K, used 10070K [0x000000078ae00000, 0x000000078cf80000, 0x00000007ae500000)
  object space 34304K, 29% used [0x000000078ae00000,0x000000078b7d5908,0x000000078cf80000)
 Metaspace       used 22172K, capacity 22922K, committed 23296K, reserved 1069056K
  class space    used 2652K, capacity 2956K, committed 3072K, reserved 1048576K
}
Event: 19512.994 GC heap before
{Heap before GC invocations=162 (full 1):
 PSYoungGen      total 17920K, used 17278K [0x00000007ae500000, 0x00000007af780000, 0x00000007c0000000)
  eden space 16896K, 99% used [0x00000007ae500000,0x00000007af568568,0x00000007af580000)
  from space 1024K, 46% used [0x00000007af680000,0x00000007af6f7430,0x00000007af780000)
  to   space 1024K, 0% used [0x00000007af580000,0x00000007af580000,0x00000007af680000)
 ParOldGen       total 34304K, used 10070K [0x000000078ae00000, 0x000000078cf80000, 0x00000007ae500000)
  object space 34304K, 29% used [0x000000078ae00000,0x000000078b7d5908,0x000000078cf80000)
 Metaspace       used 22172K, capacity 22922K, committed 23296K, reserved 1069056K
  class space    used 2652K, capacity 2956K, committed 3072K, reserved 1048576K
Event: 19512.995 GC heap after
Heap after GC invocations=162 (full 1):
 PSYoungGen      total 17920K, used 637K [0x00000007ae500000, 0x00000007af780000, 0x00000007c0000000)
  eden space 16896K, 0% used [0x00000007ae500000,0x00000007ae500000,0x00000007af580000)
  from space 1024K, 62% used [0x00000007af580000,0x00000007af61f430,0x00000007af680000)
  to   space 1024K, 0% used [0x00000007af680000,0x00000007af680000,0x00000007af780000)
 ParOldGen       total 34304K, used 10070K [0x000000078ae00000, 0x000000078cf80000, 0x00000007ae500000)
  object space 34304K, 29% used [0x000000078ae00000,0x000000078b7d5908,0x000000078cf80000)
 Metaspace       used 22172K, capacity 22922K, committed 23296K, reserved 1069056K
  class space    used 2652K, capacity 2956K, committed 3072K, reserved 1048576K
}
Event: 33035.072 GC heap before
{Heap before GC invocations=163 (full 1):
 PSYoungGen      total 17920K, used 17533K [0x00000007ae500000, 0x00000007af780000, 0x00000007c0000000)
  eden space 16896K, 100% used [0x00000007ae500000,0x00000007af580000,0x00000007af580000)
  from space 1024K, 62% used [0x00000007af580000,0x00000007af61f430,0x00000007af680000)
  to   space 1024K, 0% used [0x00000007af680000,0x00000007af680000,0x00000007af780000)
 ParOldGen       total 34304K, used 10070K [0x000000078ae00000, 0x000000078cf80000, 0x00000007ae500000)
  object space 34304K, 29% used [0x000000078ae00000,0x000000078b7d5908,0x000000078cf80000)
 Metaspace       used 22228K, capacity 22922K, committed 23296K, reserved 1069056K
  class space    used 2658K, capacity 2956K, committed 3072K, reserved 1048576K
Event: 33035.081 GC heap after
Heap after GC invocations=163 (full 1):
 PSYoungGen      total 17920K, used 192K [0x00000007ae500000, 0x00000007af780000, 0x00000007c0000000)
  eden space 16896K, 0% used [0x00000007ae500000,0x00000007ae500000,0x00000007af580000)
  from space 1024K, 18% used [0x00000007af680000,0x00000007af6b0000,0x00000007af780000)
  to   space 1024K, 0% used [0x00000007af580000,0x00000007af580000,0x00000007af680000)
 ParOldGen       total 34304K, used 10070K [0x000000078ae00000, 0x000000078cf80000, 0x00000007ae500000)
  object space 34304K, 29% used [0x000000078ae00000,0x000000078b7d5908,0x000000078cf80000)
 Metaspace       used 22228K, capacity 22922K, committed 23296K, reserved 1069056K
  class space    used 2658K, capacity 2956K, committed 3072K, reserved 1048576K
}

